TN:
SF:/Applications/Xcode.app/Contents/Developer/Platforms/MacOSX.platform/Developer/SDKs/MacOSX.sdk/usr/include/c++/v1/__algorithm/comp.h
FNL:0,39,40
FNA:0,62,_ZNKSt3__16__lessIvvEclB8ne190102IiiEEbRKT_RKT0_
FNA:0,25,_ZNKSt3__16__lessIvvEclB8ne190102ImmEEbRKT_RKT0_
FNF:1
FNH:1
DA:39,87
DA:40,87
LF:2
LH:2
end_of_record
TN:
SF:/Applications/Xcode.app/Contents/Developer/Platforms/MacOSX.platform/Developer/SDKs/MacOSX.sdk/usr/include/c++/v1/__algorithm/copy.h
FNL:0,101,102
FNA:0,17,_ZNKSt3__111__copy_implINS_17_ClassicAlgPolicyEEclB8ne190102IiiLi0EEENS_4pairIPT_PT0_EES6_S6_S8_
FNL:1,108,110
FNA:1,17,_ZNSt3__16__copyB8ne190102INS_17_ClassicAlgPolicyEPiS2_S2_EENS_4pairIT0_T2_EES4_T1_S5_
FNL:2,115,116
FNA:2,17,_ZNSt3__14copyB8ne190102IPiS1_EET0_T_S3_S2_
FNF:3
FNH:3
DA:101,17
DA:102,17
DA:108,17
DA:109,17
DA:110,17
DA:115,17
DA:116,17
LF:7
LH:7
end_of_record
TN:
SF:/Applications/Xcode.app/Contents/Developer/Platforms/MacOSX.platform/Developer/SDKs/MacOSX.sdk/usr/include/c++/v1/__algorithm/copy_move_common.h
FNL:0,62,67
FNA:0,17,_ZNSt3__119__copy_trivial_implB8ne190102IiiEENS_4pairIPT_PT0_EES3_S3_S5_
FNL:1,93,97
FNA:1,17,_ZNSt3__124__copy_move_unwrap_itersB8ne190102INS_11__copy_implINS_17_ClassicAlgPolicyEEEPiS4_S4_Li0EEENS_4pairIT0_T2_EES6_T1_S7_
FNF:2
FNH:2
DA:62,17
DA:63,17
DA:65,17
DA:67,17
DA:93,17
DA:94,17
DA:95,17
DA:96,34
DA:97,17
LF:9
LH:9
end_of_record
TN:
SF:/Applications/Xcode.app/Contents/Developer/Platforms/MacOSX.platform/Developer/SDKs/MacOSX.sdk/usr/include/c++/v1/__algorithm/min.h
FNL:0,29,30
FNA:0,25,_ZNSt3__13minB8ne190102ImNS_6__lessIvvEEEERKT_S5_S5_T0_
FNL:1,35,36
FNA:1,25,_ZNSt3__13minB8ne190102ImEERKT_S3_S3_
FNL:2,48,49
FNA:2,31,_ZNSt3__13minB8ne190102IiEET_St16initializer_listIS1_E
FNF:3
FNH:3
DA:29,25
DA:30,25
DA:35,25
DA:36,25
DA:48,31
DA:49,31
LF:6
LH:6
end_of_record
TN:
SF:/Applications/Xcode.app/Contents/Developer/Platforms/MacOSX.platform/Developer/SDKs/MacOSX.sdk/usr/include/c++/v1/__algorithm/min_element.h
FNL:0,32,42
FNA:0,31,_ZNSt3__113__min_elementB8ne190102IRNS_6__lessIvvEEPKiS5_NS_10__identityEEET0_S7_T1_T_RT2_
FNL:1,45,47
FNA:1,31,_ZNSt3__113__min_elementB8ne190102IRNS_6__lessIvvEEPKiS5_EET0_S6_T1_T_
FNL:2,52,58
FNA:2,31,_ZNSt3__111min_elementB8ne190102IPKiNS_6__lessIvvEEEET_S5_S5_T0_
FNF:3
FNH:3
DA:32,31
DA:33,31
DA:34,0
DA:36,31
DA:37,93
DA:38,62
DA:39,16
DA:41,31
DA:42,31
DA:45,31
DA:46,31
DA:47,31
DA:52,31
DA:58,31
LF:14
LH:13
end_of_record
TN:
SF:/Applications/Xcode.app/Contents/Developer/Platforms/MacOSX.platform/Developer/SDKs/MacOSX.sdk/usr/include/c++/v1/__algorithm/unwrap_iter.h
FNL:0,51,52
FNA:0,51,_ZNSt3__118__unwrap_iter_implIPiLb1EE8__rewrapB8ne190102ES1_S1_
FNL:1,55,56
FNA:1,102,_ZNSt3__118__unwrap_iter_implIPiLb1EE8__unwrapB8ne190102ES1_
FNL:2,64,65
FNA:2,102,_ZNSt3__113__unwrap_iterB8ne190102IPiNS_18__unwrap_iter_implIS1_Lb1EEELi0EEEDTclsrT0_8__unwrapclsr3stdE7declvalIT_EEEES5_
FNL:3,77,78
FNA:3,51,_ZNSt3__113__rewrap_iterB8ne190102IPiS1_NS_18__unwrap_iter_implIS1_Lb1EEEEET_S4_T0_
FNF:4
FNH:4
DA:51,51
DA:52,51
DA:55,102
DA:56,102
DA:64,102
DA:65,102
DA:77,51
DA:78,51
LF:8
LH:8
end_of_record
TN:
SF:/Applications/Xcode.app/Contents/Developer/Platforms/MacOSX.platform/Developer/SDKs/MacOSX.sdk/usr/include/c++/v1/__algorithm/unwrap_range.h
FNL:0,85,86
FNA:0,34,_ZNSt3__114__unwrap_rangeB8ne190102IPiS1_EENS_4pairIT0_S3_EET_S5_
FNL:1,90,91
FNA:1,17,_ZNSt3__114__rewrap_rangeB8ne190102IPiS1_EET_S2_T0_
FNF:2
FNH:2
DA:85,34
DA:86,34
DA:90,17
DA:91,17
LF:4
LH:4
end_of_record
TN:
SF:/Applications/Xcode.app/Contents/Developer/Platforms/MacOSX.platform/Developer/SDKs/MacOSX.sdk/usr/include/c++/v1/__functional/identity.h
FNL:0,29,30
FNA:0,124,_ZNKSt3__110__identityclB8ne190102IRKiEEOT_S5_
FNF:1
FNH:1
DA:29,124
DA:30,124
LF:2
LH:2
end_of_record
TN:
SF:/Applications/Xcode.app/Contents/Developer/Platforms/MacOSX.platform/Developer/SDKs/MacOSX.sdk/usr/include/c++/v1/__memory/allocate_at_least.h
FNL:0,40,41
FNA:0,4,_ZNSt3__119__allocate_at_leastB8ne190102INS_9allocatorINS_6vectorIiNS1_IiEEEEEEEENS_19__allocation_resultINS_16allocator_traitsIT_E7pointerEEERS8_m
FNA:0,25,_ZNSt3__119__allocate_at_leastB8ne190102INS_9allocatorIiEEEENS_19__allocation_resultINS_16allocator_traitsIT_E7pointerEEERS5_m
FNF:1
FNH:1
DA:40,29
DA:41,29
LF:2
LH:2
end_of_record
TN:
SF:/Applications/Xcode.app/Contents/Developer/Platforms/MacOSX.platform/Developer/SDKs/MacOSX.sdk/usr/include/c++/v1/__memory/allocator.h
FNL:0,107,107
FNA:0,4,_ZNSt3__19allocatorINS_6vectorIiNS0_IiEEEEEC2B8ne190102Ev
FNA:0,4,_ZNSt3__19allocatorIiEC2B8ne190102Ev
FNL:1,112,118
FNA:1,4,_ZNSt3__19allocatorINS_6vectorIiNS0_IiEEEEE8allocateB8ne190102Em
FNA:1,25,_ZNSt3__19allocatorIiE8allocateB8ne190102Em
FNL:2,128,134
FNA:2,4,_ZNSt3__19allocatorINS_6vectorIiNS0_IiEEEEE10deallocateB8ne190102EPS3_m
FNA:2,21,_ZNSt3__19allocatorIiE10deallocateB8ne190102EPim
FNL:3,159,160
FNA:3,8,_ZNKSt3__19allocatorINS_6vectorIiNS0_IiEEEEE8max_sizeB8ne190102Ev
FNA:3,46,_ZNKSt3__19allocatorIiE8max_sizeB8ne190102Ev
FNL:4,164,166
FNA:4,17,_ZNSt3__19allocatorINS_6vectorIiNS0_IiEEEEE9constructB8ne190102IS3_JRKS3_EEEvPT_DpOT0_
FNA:4,17,_ZNSt3__19allocatorIiE9constructB8ne190102IiJEEEvPT_DpOT0_
FNL:5,168,168
FNA:5,17,_ZNSt3__19allocatorINS_6vectorIiNS0_IiEEEEE7destroyB8ne190102EPS3_
FNA:5,89,_ZNSt3__19allocatorIiE7destroyB8ne190102EPi
FNL:6,85,85
FNA:6,4,_ZNSt3__116__non_trivial_ifILb1ENS_9allocatorINS_6vectorIiNS1_IiEEEEEEEC2B8ne190102Ev
FNA:6,4,_ZNSt3__116__non_trivial_ifILb1ENS_9allocatorIiEEEC2B8ne190102Ev
FNF:7
FNH:7
DA:85,8
DA:107,8
DA:112,29
DA:113,29
DA:114,0
DA:118,29
DA:128,25
DA:132,25
DA:134,25
DA:159,54
DA:160,54
DA:164,34
DA:165,34
DA:166,34
DA:168,106
LF:15
LH:14
end_of_record
TN:
SF:/Applications/Xcode.app/Contents/Developer/Platforms/MacOSX.platform/Developer/SDKs/MacOSX.sdk/usr/include/c++/v1/__memory/allocator_traits.h
FNL:0,311,313
FNA:0,4,_ZNSt3__116allocator_traitsINS_9allocatorINS_6vectorIiNS1_IiEEEEEEE10deallocateB8ne190102ERS5_PS4_m
FNA:0,21,_ZNSt3__116allocator_traitsINS_9allocatorIiEEE10deallocateB8ne190102ERS2_Pim
FNL:1,317,321
FNA:1,17,_ZNSt3__116allocator_traitsINS_9allocatorINS_6vectorIiNS1_IiEEEEEEE9constructB8ne190102IS4_JRKS4_ELi0EEEvRS5_PT_DpOT0_
FNA:1,17,_ZNSt3__116allocator_traitsINS_9allocatorIiEEE9constructB8ne190102IiJELi0EEEvRS2_PT_DpOT0_
FNL:2,332,336
FNA:2,17,_ZNSt3__116allocator_traitsINS_9allocatorINS_6vectorIiNS1_IiEEEEEEE7destroyB8ne190102IS4_Li0EEEvRS5_PT_
FNA:2,89,_ZNSt3__116allocator_traitsINS_9allocatorIiEEE7destroyB8ne190102IiLi0EEEvRS2_PT_
FNL:3,343,345
FNA:3,8,_ZNSt3__116allocator_traitsINS_9allocatorINS_6vectorIiNS1_IiEEEEEEE8max_sizeB8ne190102IS5_Li0EEEmRKS5_
FNA:3,46,_ZNSt3__116allocator_traitsINS_9allocatorIiEEE8max_sizeB8ne190102IS2_Li0EEEmRKS2_
FNL:4,362,363
FNA:4,17,_ZNSt3__116allocator_traitsINS_9allocatorIiEEE37select_on_container_copy_constructionB8ne190102IS2_vLi0EEES2_RKS2_
FNF:5
FNH:5
DA:311,25
DA:312,25
DA:313,25
DA:317,34
DA:319,34
DA:321,34
DA:332,106
DA:334,106
DA:336,106
DA:343,54
DA:345,54
DA:362,17
DA:363,17
LF:13
LH:13
end_of_record
TN:
SF:/Applications/Xcode.app/Contents/Developer/Platforms/MacOSX.platform/Developer/SDKs/MacOSX.sdk/usr/include/c++/v1/__memory/compressed_pair.h
FNL:0,118,119
FNA:0,4,_ZNSt3__117__compressed_pairIPNS_6vectorIiNS_9allocatorIiEEEENS2_IS4_EEEC1B8ne190102IDnNS_18__default_init_tagEEEOT_OT0_
FNA:0,4,_ZNSt3__117__compressed_pairIPNS_6vectorIiNS_9allocatorIiEEEENS2_IS4_EEEC2B8ne190102IDnNS_18__default_init_tagEEEOT_OT0_
FNA:0,4,_ZNSt3__117__compressed_pairIPiNS_9allocatorIiEEEC1B8ne190102IDnNS_18__default_init_tagEEEOT_OT0_
FNA:0,17,_ZNSt3__117__compressed_pairIPiNS_9allocatorIiEEEC1B8ne190102IDnS3_EEOT_OT0_
FNA:0,4,_ZNSt3__117__compressed_pairIPiNS_9allocatorIiEEEC2B8ne190102IDnNS_18__default_init_tagEEEOT_OT0_
FNA:0,17,_ZNSt3__117__compressed_pairIPiNS_9allocatorIiEEEC2B8ne190102IDnS3_EEOT_OT0_
FNL:1,129,130
FNA:1,4,_ZNSt3__117__compressed_pairIPNS_6vectorIiNS_9allocatorIiEEEENS2_IS4_EEE5firstB8ne190102Ev
FNA:1,21,_ZNSt3__117__compressed_pairIPiNS_9allocatorIiEEE5firstB8ne190102Ev
FNL:2,133,134
FNA:2,0,_ZNKSt3__117__compressed_pairINS_12basic_stringIcNS_11char_traitsIcEENS_9allocatorIcEEE5__repES5_E5firstB8ne190102Ev
FNA:2,4,_ZNKSt3__117__compressed_pairIPNS_6vectorIiNS_9allocatorIiEEEENS2_IS4_EEE5firstB8ne190102Ev
FNA:2,21,_ZNKSt3__117__compressed_pairIPiNS_9allocatorIiEEE5firstB8ne190102Ev
FNL:3,137,138
FNA:3,42,_ZNSt3__117__compressed_pairIPNS_6vectorIiNS_9allocatorIiEEEENS2_IS4_EEE6secondB8ne190102Ev
FNA:3,165,_ZNSt3__117__compressed_pairIPiNS_9allocatorIiEEE6secondB8ne190102Ev
FNL:4,141,142
FNA:4,4,_ZNKSt3__117__compressed_pairIPNS_6vectorIiNS_9allocatorIiEEEENS2_IS4_EEE6secondB8ne190102Ev
FNA:4,38,_ZNKSt3__117__compressed_pairIPiNS_9allocatorIiEEE6secondB8ne190102Ev
FNL:5,52,53
FNA:5,4,_ZNSt3__122__compressed_pair_elemIPNS_6vectorIiNS_9allocatorIiEEEELi0ELb0EEC2B8ne190102IDnLi0EEEOT_
FNA:5,21,_ZNSt3__122__compressed_pair_elemIPiLi0ELb0EEC2B8ne190102IDnLi0EEEOT_
FNL:6,62,62
FNA:6,4,_ZNSt3__122__compressed_pair_elemIPNS_6vectorIiNS_9allocatorIiEEEELi0ELb0EE5__getB8ne190102Ev
FNA:6,21,_ZNSt3__122__compressed_pair_elemIPiLi0ELb0EE5__getB8ne190102Ev
FNL:7,63,63
FNA:7,0,_ZNKSt3__122__compressed_pair_elemINS_12basic_stringIcNS_11char_traitsIcEENS_9allocatorIcEEE5__repELi0ELb0EE5__getB8ne190102Ev
FNA:7,4,_ZNKSt3__122__compressed_pair_elemIPNS_6vectorIiNS_9allocatorIiEEEELi0ELb0EE5__getB8ne190102Ev
FNA:7,21,_ZNKSt3__122__compressed_pair_elemIPiLi0ELb0EE5__getB8ne190102Ev
FNL:8,77,77
FNA:8,4,_ZNSt3__122__compressed_pair_elemINS_9allocatorINS_6vectorIiNS1_IiEEEEEELi1ELb1EEC2B8ne190102ENS_18__default_init_tagE
FNA:8,4,_ZNSt3__122__compressed_pair_elemINS_9allocatorIiEELi1ELb1EEC2B8ne190102ENS_18__default_init_tagE
FNL:9,81,82
FNA:9,17,_ZNSt3__122__compressed_pair_elemINS_9allocatorIiEELi1ELb1EEC2B8ne190102IS2_Li0EEEOT_
FNL:10,91,91
FNA:10,42,_ZNSt3__122__compressed_pair_elemINS_9allocatorINS_6vectorIiNS1_IiEEEEEELi1ELb1EE5__getB8ne190102Ev
FNA:10,165,_ZNSt3__122__compressed_pair_elemINS_9allocatorIiEELi1ELb1EE5__getB8ne190102Ev
FNL:11,92,92
FNA:11,4,_ZNKSt3__122__compressed_pair_elemINS_9allocatorINS_6vectorIiNS1_IiEEEEEELi1ELb1EE5__getB8ne190102Ev
FNA:11,38,_ZNKSt3__122__compressed_pair_elemINS_9allocatorIiEELi1ELb1EE5__getB8ne190102Ev
FNF:12
FNH:12
DA:52,25
DA:53,25
DA:62,25
DA:63,25
DA:77,8
DA:81,17
DA:82,17
DA:91,207
DA:92,42
DA:118,50
DA:119,50
DA:129,25
DA:130,25
DA:133,25
DA:134,25
DA:137,207
DA:138,207
DA:141,42
DA:142,42
LF:19
LH:19
end_of_record
TN:
SF:/Applications/Xcode.app/Contents/Developer/Platforms/MacOSX.platform/Developer/SDKs/MacOSX.sdk/usr/include/c++/v1/__memory/pointer_traits.h
FNL:0,171,172
FNA:0,0,_ZNSt3__114pointer_traitsIPKcE10pointer_toB8ne190102ERS1_
FNL:1,190,192
FNA:1,0,_ZNSt3__112__to_addressB8ne190102IKcEEPT_S3_
FNA:1,34,_ZNSt3__112__to_addressB8ne190102INS_6vectorIiNS_9allocatorIiEEEEEEPT_S6_
FNA:1,259,_ZNSt3__112__to_addressB8ne190102IiEEPT_S2_
FNF:2
FNH:1
DA:171,0
DA:172,0
DA:190,293
DA:192,293
LF:4
LH:2
end_of_record
TN:
SF:/Applications/Xcode.app/Contents/Developer/Platforms/MacOSX.platform/Developer/SDKs/MacOSX.sdk/usr/include/c++/v1/__memory/uninitialized_algorithms.h
FNL:0,577,587
FNA:0,17,_ZNSt3__135__uninitialized_allocator_copy_implB8ne190102INS_9allocatorIiEEiiiLi0EEEPT2_RT_PT0_S8_S4_
FNL:1,593,597
FNA:1,17,_ZNSt3__130__uninitialized_allocator_copyB8ne190102INS_9allocatorIiEEPiS3_S3_EET2_RT_T0_T1_S4_
FNF:2
FNH:2
DA:577,17
DA:587,17
DA:593,17
DA:594,17
DA:595,17
DA:596,17
DA:597,17
LF:7
LH:7
end_of_record
TN:
SF:/Applications/Xcode.app/Contents/Developer/Platforms/MacOSX.platform/Developer/SDKs/MacOSX.sdk/usr/include/c++/v1/__string/constexpr_c_functions.h
FNL:0,212,231
FNA:0,17,_ZNSt3__119__constexpr_memmoveB8ne190102IiiLi0EEEPT_S2_PT0_NS_15__element_countE
FNF:1
FNH:1
DA:212,17
DA:213,17
DA:228,17
DA:229,17
DA:230,17
DA:231,17
LF:6
LH:6
end_of_record
TN:
SF:/Applications/Xcode.app/Contents/Developer/Platforms/MacOSX.platform/Developer/SDKs/MacOSX.sdk/usr/include/c++/v1/__type_traits/invoke.h
FNL:0,147,149
FNA:0,124,_ZNSt3__18__invokeB8ne190102IRNS_10__identityEJRKiEEEDTclclsr3stdE7declvalIT_EEspclsr3stdE7declvalIT0_EEEEOS5_DpOS6_
FNA:0,62,_ZNSt3__18__invokeB8ne190102IRNS_6__lessIvvEEJRKiS5_EEEDTclclsr3stdE7declvalIT_EEspclsr3stdE7declvalIT0_EEEEOS6_DpOS7_
FNF:1
FNH:1
DA:147,186
DA:149,186
LF:2
LH:2
end_of_record
TN:
SF:/Applications/Xcode.app/Contents/Developer/Platforms/MacOSX.platform/Developer/SDKs/MacOSX.sdk/usr/include/c++/v1/__utility/exception_guard.h
FNL:0,136,137
FNA:0,4,_ZNSt3__122__make_exception_guardB8ne190102INS_6vectorINS1_IiNS_9allocatorIiEEEENS2_IS4_EEE16__destroy_vectorEEENS_28__exception_guard_exceptionsIT_EES9_
FNA:0,21,_ZNSt3__122__make_exception_guardB8ne190102INS_6vectorIiNS_9allocatorIiEEE16__destroy_vectorEEENS_28__exception_guard_exceptionsIT_EES7_
FNL:1,68,69
FNA:1,4,_ZNSt3__128__exception_guard_exceptionsINS_6vectorINS1_IiNS_9allocatorIiEEEENS2_IS4_EEE16__destroy_vectorEEC1B8ne190102ES7_
FNA:1,4,_ZNSt3__128__exception_guard_exceptionsINS_6vectorINS1_IiNS_9allocatorIiEEEENS2_IS4_EEE16__destroy_vectorEEC2B8ne190102ES7_
FNA:1,21,_ZNSt3__128__exception_guard_exceptionsINS_6vectorIiNS_9allocatorIiEEE16__destroy_vectorEEC1B8ne190102ES5_
FNA:1,21,_ZNSt3__128__exception_guard_exceptionsINS_6vectorIiNS_9allocatorIiEEE16__destroy_vectorEEC2B8ne190102ES5_
FNL:2,82,82
FNA:2,4,_ZNSt3__128__exception_guard_exceptionsINS_6vectorINS1_IiNS_9allocatorIiEEEENS2_IS4_EEE16__destroy_vectorEE10__completeB8ne190102Ev
FNA:2,21,_ZNSt3__128__exception_guard_exceptionsINS_6vectorIiNS_9allocatorIiEEE16__destroy_vectorEE10__completeB8ne190102Ev
FNL:3,84,87
FNA:3,4,_ZNSt3__128__exception_guard_exceptionsINS_6vectorINS1_IiNS_9allocatorIiEEEENS2_IS4_EEE16__destroy_vectorEED1B8ne190102Ev
FNA:3,4,_ZNSt3__128__exception_guard_exceptionsINS_6vectorINS1_IiNS_9allocatorIiEEEENS2_IS4_EEE16__destroy_vectorEED2B8ne190102Ev
FNA:3,21,_ZNSt3__128__exception_guard_exceptionsINS_6vectorIiNS_9allocatorIiEEE16__destroy_vectorEED1B8ne190102Ev
FNA:3,21,_ZNSt3__128__exception_guard_exceptionsINS_6vectorIiNS_9allocatorIiEEE16__destroy_vectorEED2B8ne190102Ev
FNF:4
FNH:4
DA:68,50
DA:69,50
DA:82,25
DA:84,50
DA:85,25
DA:86,0
DA:87,50
DA:136,25
DA:137,25
LF:9
LH:8
end_of_record
TN:
SF:/Applications/Xcode.app/Contents/Developer/Platforms/MacOSX.platform/Developer/SDKs/MacOSX.sdk/usr/include/c++/v1/__utility/pair.h
FNL:0,194,197
FNA:0,17,_ZNSt3__14pairIPiS1_EC1B8ne190102IRS1_S1_Li0EEEOT_OT0_
FNA:0,51,_ZNSt3__14pairIPiS1_EC1B8ne190102IS1_S1_Li0EEEOT_OT0_
FNA:0,17,_ZNSt3__14pairIPiS1_EC2B8ne190102IRS1_S1_Li0EEEOT_OT0_
FNA:0,51,_ZNSt3__14pairIPiS1_EC2B8ne190102IS1_S1_Li0EEEOT_OT0_
FNL:1,576,578
FNA:1,51,_ZNSt3__19make_pairB8ne190102IPiS1_EENS_4pairINS_18__unwrap_ref_decayIT_E4typeENS3_IT0_E4typeEEEOS4_OS7_
FNA:1,17,_ZNSt3__19make_pairB8ne190102IRPiS1_EENS_4pairINS_18__unwrap_ref_decayIT_E4typeENS4_IT0_E4typeEEEOS5_OS8_
FNF:2
FNH:2
DA:194,136
DA:196,136
DA:197,136
DA:576,68
DA:577,68
DA:578,68
LF:6
LH:6
end_of_record
TN:
SF:/Applications/Xcode.app/Contents/Developer/Platforms/MacOSX.platform/Developer/SDKs/MacOSX.sdk/usr/include/c++/v1/initializer_list
FNL:0,79
FNA:0,31,_ZNKSt16initializer_listIiE5beginB8ne190102Ev
FNL:1,81
FNA:1,31,_ZNKSt16initializer_listIiE3endB8ne190102Ev
FNF:2
FNH:2
DA:79,31
DA:81,31
LF:2
LH:2
end_of_record
TN:
SF:/Applications/Xcode.app/Contents/Developer/Platforms/MacOSX.platform/Developer/SDKs/MacOSX.sdk/usr/include/c++/v1/limits
FNL:0,202
FNA:0,25,_ZNSt3__123__libcpp_numeric_limitsIlLb1EE3maxB8ne190102Ev
FNL:1,469
FNA:1,25,_ZNSt3__114numeric_limitsIlE3maxB8ne190102Ev
FNF:2
FNH:2
DA:202,25
DA:469,25
LF:2
LH:2
end_of_record
TN:
SF:/Applications/Xcode.app/Contents/Developer/Platforms/MacOSX.platform/Developer/SDKs/MacOSX.sdk/usr/include/c++/v1/new
FNL:0,172
FNA:0,0,_ZSt28__throw_bad_array_new_lengthB8ne190102v
FNL:1,286
FNA:1,54,_ZNSt3__124__is_overaligned_for_newB8ne190102Em
FNL:2,295
FNA:2,29,_ZNSt3__121__libcpp_operator_newB8ne190102IJmEEEPvDpT_
FNA:2,0,_ZNSt3__121__libcpp_operator_newB8ne190102IJmSt11align_val_tEEEPvDpT_
FNL:3,304
FNA:3,25,_ZNSt3__124__libcpp_operator_deleteB8ne190102IJPvEEEvDpT_
FNA:3,0,_ZNSt3__124__libcpp_operator_deleteB8ne190102IJPvSt11align_val_tEEEvDpT_
FNL:4,312
FNA:4,29,_ZNSt3__117__libcpp_allocateB8ne190102Emm
FNL:5,325
FNA:5,25,_ZNSt3__127__do_deallocate_handle_sizeB8ne190102IJEEEvPvmDpT_
FNA:5,0,_ZNSt3__127__do_deallocate_handle_sizeB8ne190102IJSt11align_val_tEEEvPvmDpT_
FNL:6,334
FNA:6,25,_ZNSt3__119__libcpp_deallocateB8ne190102EPvmm
FNF:7
FNH:6
DA:172,0
DA:174,0
DA:286,54
DA:288,54
DA:295,29
DA:297,29
DA:304,25
DA:306,25
DA:310,25
DA:312,29
DA:314,29
DA:315,0
DA:316,0
DA:321,29
DA:322,29
DA:325,25
DA:328,25
DA:334,25
DA:339,25
DA:340,0
DA:341,0
DA:343,25
DA:346,25
LF:23
LH:17
end_of_record
TN:
SF:/Applications/Xcode.app/Contents/Developer/Platforms/MacOSX.platform/Developer/SDKs/MacOSX.sdk/usr/include/c++/v1/stdexcept
FNL:0,152
FNA:0,0,_ZNSt12length_errorC1B8ne190102EPKc
FNA:0,0,_ZNSt12length_errorC2B8ne190102EPKc
FNL:1,239
FNA:1,0,_ZNSt3__120__throw_length_errorB8ne190102EPKc
FNF:2
FNH:0
DA:152,0
DA:239,0
DA:241,0
DA:248,0
LF:4
LH:0
end_of_record
TN:
SF:/Applications/Xcode.app/Contents/Developer/Platforms/MacOSX.platform/Developer/SDKs/MacOSX.sdk/usr/include/c++/v1/string
FNL:0,1284
FNA:0,0,_ZNKSt3__112basic_stringIcNS_11char_traitsIcEENS_9allocatorIcEEE4sizeB8ne190102Ev
FNL:1,1287
FNA:1,8,_ZNKSt3__112basic_stringIcNS_11char_traitsIcEENS_9allocatorIcEEE6lengthB8ne190102Ev
FNL:2,1328
FNA:2,84,_ZNKSt3__112basic_stringIcNS_11char_traitsIcEENS_9allocatorIcEEEixB8ne190102Em
FNL:3,1704
FNA:3,0,_ZNKSt3__112basic_stringIcNS_11char_traitsIcEENS_9allocatorIcEEE4dataB8ne190102Ev
FNL:4,1877
FNA:4,0,_ZNKSt3__112basic_stringIcNS_11char_traitsIcEENS_9allocatorIcEEE9__is_longB8ne190102Ev
FNL:5,1896
FNA:5,0,_ZNSt3__112basic_stringIcNS_11char_traitsIcEENS_9allocatorIcEEE13__fits_in_ssoB8ne190102Em
FNL:6,1961
FNA:6,0,_ZNKSt3__112basic_stringIcNS_11char_traitsIcEENS_9allocatorIcEEE16__get_short_sizeB8ne190102Ev
FNL:7,1969
FNA:7,0,_ZNKSt3__112basic_stringIcNS_11char_traitsIcEENS_9allocatorIcEEE15__get_long_sizeB8ne190102Ev
FNL:8,1994
FNA:8,0,_ZNKSt3__112basic_stringIcNS_11char_traitsIcEENS_9allocatorIcEEE18__get_long_pointerB8ne190102Ev
FNL:9,2002
FNA:9,0,_ZNKSt3__112basic_stringIcNS_11char_traitsIcEENS_9allocatorIcEEE19__get_short_pointerB8ne190102Ev
FNL:10,2008
FNA:10,0,_ZNKSt3__112basic_stringIcNS_11char_traitsIcEENS_9allocatorIcEEE13__get_pointerB8ne190102Ev
FNF:11
FNH:2
DA:1284,0
DA:1285,0
DA:1287,8
DA:1328,84
DA:1330,84
DA:1331,0
DA:1333,84
DA:1334,84
DA:1704,0
DA:1705,0
DA:1877,0
DA:1881,0
DA:1896,0
DA:1961,0
DA:1963,0
DA:1969,0
DA:1970,0
DA:1994,0
DA:1995,0
DA:2002,0
DA:2003,0
DA:2008,0
DA:2009,0
LF:23
LH:5
end_of_record
TN:
SF:/Applications/Xcode.app/Contents/Developer/Platforms/MacOSX.platform/Developer/SDKs/MacOSX.sdk/usr/include/c++/v1/vector
FNL:0,1106
FNA:0,4,_ZNKSt3__16vectorINS0_IiNS_9allocatorIiEEEENS1_IS3_EEE8max_sizeEv
FNA:0,21,_ZNKSt3__16vectorIiNS_9allocatorIiEEE8max_sizeEv
FNL:1,1129
FNA:1,4,_ZNSt3__16vectorIiNS_9allocatorIiEEE18__construct_at_endEm
FNL:2,1145
FNA:2,4,_ZNSt3__16vectorINS0_IiNS_9allocatorIiEEEENS1_IS3_EEE18__construct_at_endEmRKS3_
FNL:3,1156
FNA:3,17,_ZNSt3__16vectorIiNS_9allocatorIiEEE18__construct_at_endIPiS5_EEvT_T0_m
FNL:4,1236
FNA:4,17,_ZNSt3__16vectorIiNS_9allocatorIiEEEC1ERKS3_
FNA:4,17,_ZNSt3__16vectorIiNS_9allocatorIiEEEC2ERKS3_
FNL:5,1435
FNA:5,184,_ZNSt3__16vectorINS0_IiNS_9allocatorIiEEEENS1_IS3_EEEixB8ne190102Em
FNA:5,184,_ZNSt3__16vectorIiNS_9allocatorIiEEEixB8ne190102Em
FNL:6,441
FNA:6,4,_ZNSt3__16vectorIiNS_9allocatorIiEEEC1B8ne190102Em
FNA:6,4,_ZNSt3__16vectorIiNS_9allocatorIiEEEC2B8ne190102Em
FNL:7,462
FNA:7,4,_ZNSt3__16vectorINS0_IiNS_9allocatorIiEEEENS1_IS3_EEEC1B8ne190102EmRKS3_
FNA:7,4,_ZNSt3__16vectorINS0_IiNS_9allocatorIiEEEENS1_IS3_EEEC2B8ne190102EmRKS3_
FNL:8,526
FNA:8,8,_ZNSt3__16vectorINS0_IiNS_9allocatorIiEEEENS1_IS3_EEE16__destroy_vectorC1B8ne190102ERS5_
FNA:8,8,_ZNSt3__16vectorINS0_IiNS_9allocatorIiEEEENS1_IS3_EEE16__destroy_vectorC2B8ne190102ERS5_
FNA:8,42,_ZNSt3__16vectorIiNS_9allocatorIiEEE16__destroy_vectorC1B8ne190102ERS3_
FNA:8,42,_ZNSt3__16vectorIiNS_9allocatorIiEEE16__destroy_vectorC2B8ne190102ERS3_
FNL:9,528
FNA:9,4,_ZNSt3__16vectorINS0_IiNS_9allocatorIiEEEENS1_IS3_EEE16__destroy_vectorclB8ne190102Ev
FNA:9,21,_ZNSt3__16vectorIiNS_9allocatorIiEEE16__destroy_vectorclB8ne190102Ev
FNL:10,541
FNA:10,4,_ZNSt3__16vectorINS0_IiNS_9allocatorIiEEEENS1_IS3_EEED1B8ne190102Ev
FNA:10,4,_ZNSt3__16vectorINS0_IiNS_9allocatorIiEEEENS1_IS3_EEED2B8ne190102Ev
FNA:10,21,_ZNSt3__16vectorIiNS_9allocatorIiEEED1B8ne190102Ev
FNA:10,21,_ZNSt3__16vectorIiNS_9allocatorIiEEED2B8ne190102Ev
FNL:11,634
FNA:11,17,_ZNKSt3__16vectorIiNS_9allocatorIiEEE4sizeB8ne190102Ev
FNL:12,637
FNA:12,4,_ZNKSt3__16vectorINS0_IiNS_9allocatorIiEEEENS1_IS3_EEE8capacityB8ne190102Ev
FNA:12,21,_ZNKSt3__16vectorIiNS_9allocatorIiEEE8capacityB8ne190102Ev
FNL:13,778
FNA:13,4,_ZNSt3__16vectorINS0_IiNS_9allocatorIiEEEENS1_IS3_EEE11__vallocateB8ne190102Em
FNA:13,21,_ZNSt3__16vectorIiNS_9allocatorIiEEE11__vallocateB8ne190102Em
FNL:14,795
FNA:14,17,_ZNSt3__16vectorIiNS_9allocatorIiEEE16__init_with_sizeB8ne190102IPiS5_EEvT_T0_m
FNL:15,906
FNA:15,4,_ZNKSt3__16vectorINS0_IiNS_9allocatorIiEEEENS1_IS3_EEE14__annotate_newB8ne190102Em
FNA:15,21,_ZNKSt3__16vectorIiNS_9allocatorIiEEE14__annotate_newB8ne190102Em
FNL:16,913
FNA:16,4,_ZNKSt3__16vectorINS0_IiNS_9allocatorIiEEEENS1_IS3_EEE17__annotate_deleteB8ne190102Ev
FNA:16,21,_ZNKSt3__16vectorIiNS_9allocatorIiEEE17__annotate_deleteB8ne190102Ev
FNL:17,934
FNA:17,4,_ZNSt3__16vectorINS0_IiNS_9allocatorIiEEEENS1_IS3_EEE21_ConstructTransactionC1B8ne190102ERS5_m
FNA:17,4,_ZNSt3__16vectorINS0_IiNS_9allocatorIiEEEENS1_IS3_EEE21_ConstructTransactionC2B8ne190102ERS5_m
FNA:17,21,_ZNSt3__16vectorIiNS_9allocatorIiEEE21_ConstructTransactionC1B8ne190102ERS3_m
FNA:17,21,_ZNSt3__16vectorIiNS_9allocatorIiEEE21_ConstructTransactionC2B8ne190102ERS3_m
FNL:18,941
FNA:18,4,_ZNSt3__16vectorINS0_IiNS_9allocatorIiEEEENS1_IS3_EEE21_ConstructTransactionD1B8ne190102Ev
FNA:18,4,_ZNSt3__16vectorINS0_IiNS_9allocatorIiEEEENS1_IS3_EEE21_ConstructTransactionD2B8ne190102Ev
FNA:18,21,_ZNSt3__16vectorIiNS_9allocatorIiEEE21_ConstructTransactionD1B8ne190102Ev
FNA:18,21,_ZNSt3__16vectorIiNS_9allocatorIiEEE21_ConstructTransactionD2B8ne190102Ev
FNL:19,965
FNA:19,42,_ZNSt3__16vectorINS0_IiNS_9allocatorIiEEEENS1_IS3_EEE7__allocB8ne190102Ev
FNA:19,165,_ZNSt3__16vectorIiNS_9allocatorIiEEE7__allocB8ne190102Ev
FNL:20,968
FNA:20,4,_ZNKSt3__16vectorINS0_IiNS_9allocatorIiEEEENS1_IS3_EEE7__allocB8ne190102Ev
FNA:20,38,_ZNKSt3__16vectorIiNS_9allocatorIiEEE7__allocB8ne190102Ev
FNL:21,971
FNA:21,4,_ZNSt3__16vectorINS0_IiNS_9allocatorIiEEEENS1_IS3_EEE9__end_capB8ne190102Ev
FNA:21,21,_ZNSt3__16vectorIiNS_9allocatorIiEEE9__end_capB8ne190102Ev
FNL:22,974
FNA:22,4,_ZNKSt3__16vectorINS0_IiNS_9allocatorIiEEEENS1_IS3_EEE9__end_capB8ne190102Ev
FNA:22,21,_ZNKSt3__16vectorIiNS_9allocatorIiEEE9__end_capB8ne190102Ev
FNL:23,978
FNA:23,4,_ZNSt3__16vectorINS0_IiNS_9allocatorIiEEEENS1_IS3_EEE7__clearB8ne190102Ev
FNA:23,21,_ZNSt3__16vectorIiNS_9allocatorIiEEE7__clearB8ne190102Ev
FNL:24,982
FNA:24,4,_ZNSt3__16vectorINS0_IiNS_9allocatorIiEEEENS1_IS3_EEE22__base_destruct_at_endB8ne190102EPS3_
FNA:24,21,_ZNSt3__16vectorIiNS_9allocatorIiEEE22__base_destruct_at_endB8ne190102EPi
FNL:25,999
FNA:25,0,_ZNKSt3__16vectorINS0_IiNS_9allocatorIiEEEENS1_IS3_EEE20__throw_length_errorB8ne190102Ev
FNA:25,0,_ZNKSt3__16vectorIiNS_9allocatorIiEEE20__throw_length_errorB8ne190102Ev
FNF:26
FNH:25
DA:441,8
DA:442,4
DA:443,4
DA:444,4
DA:445,4
DA:446,4
DA:447,4
DA:448,8
DA:462,8
DA:463,4
DA:464,4
DA:465,4
DA:466,4
DA:467,4
DA:468,4
DA:469,8
DA:526,100
DA:528,25
DA:529,25
DA:530,25
DA:531,25
DA:532,25
DA:533,25
DA:534,25
DA:541,50
DA:634,17
DA:635,17
DA:637,25
DA:638,25
DA:766,25
DA:767,25
DA:768,8
DA:769,8
DA:778,25
DA:779,25
DA:780,0
DA:781,25
DA:782,25
DA:783,25
DA:784,25
DA:785,25
DA:786,25
DA:795,17
DA:796,17
DA:798,17
DA:799,17
DA:800,17
DA:801,17
DA:803,17
DA:804,17
DA:906,25
DA:911,25
DA:913,25
DA:917,25
DA:934,50
DA:935,50
DA:939,50
DA:941,50
DA:942,25
DA:948,50
DA:965,207
DA:966,207
DA:968,42
DA:969,42
DA:971,25
DA:972,25
DA:974,25
DA:975,25
DA:978,25
DA:979,25
DA:980,25
DA:982,25
DA:983,25
DA:984,131
DA:985,106
DA:986,25
DA:987,25
DA:999,0
DA:1106,25
DA:1107,25
DA:1129,4
DA:1130,4
DA:1131,4
DA:1132,21
DA:1133,17
DA:1134,17
DA:1135,4
DA:1145,4
DA:1146,4
DA:1147,4
DA:1148,21
DA:1149,17
DA:1150,17
DA:1151,4
DA:1156,17
DA:1157,17
DA:1158,17
DA:1159,17
DA:1236,34
DA:1237,34
DA:1238,17
DA:1239,34
DA:1435,368
DA:1437,368
LF:104
LH:102
end_of_record
TN:
SF:/Users/zhanghaotian/Desktop/UCD学习资料/26Winter/ECS34/Projects/Project1/Edit_Distance/src/edit_distance.cpp
FNL:0,7,39
FNA:0,4,_Z13edit_distanceRKNSt3__112basic_stringIcNS_11char_traitsIcEENS_9allocatorIcEEEES7_
FNF:1
FNH:1
DA:7,4
DA:9,4
DA:10,4
DA:13,8
DA:14,4
DA:17,21
DA:18,17
DA:20,21
DA:21,17
DA:24,17
DA:25,55
DA:26,42
DA:27,11
DA:28,11
DA:29,93
DA:30,31
DA:31,31
DA:32,31
DA:35,42
DA:36,13
DA:38,4
DA:39,4
LF:22
LH:22
end_of_record
